<?xml version="1.0" encoding="UTF-8"?>
<testng-results skipped="0" failed="0" ignored="0" total="1" passed="1">
  <reporter-output>
  </reporter-output>
  <suite name="Suite" duration-ms="484" started-at="2018-12-21T17:46:18Z" finished-at="2018-12-21T17:46:18Z">
    <groups>
      <group name="cucumber">
        <method signature="AbstractTestNGCucumberTests.feature(cucumber.api.testng.CucumberFeatureWrapper)[pri:0, instance:POM.com.FMHerndonSMJ.Cucumber.TestRunner@4dfa3a9d]" name="feature" class="cucumber.api.testng.AbstractTestNGCucumberTests"/>
      </group> <!-- cucumber -->
    </groups>
    <test name="Test" duration-ms="484" started-at="2018-12-21T17:46:18Z" finished-at="2018-12-21T17:46:18Z">
      <class name="POM.com.FMHerndonSMJ.Cucumber.TestRunner">
        <test-method status="PASS" signature="setUpClass()[pri:0, instance:POM.com.FMHerndonSMJ.Cucumber.TestRunner@4dfa3a9d]" name="setUpClass" is-config="true" duration-ms="314" started-at="2018-12-21T17:46:18Z" finished-at="2018-12-21T17:46:18Z">
          <reporter-output>
          </reporter-output>
        </test-method> <!-- setUpClass -->
        <test-method status="PASS" signature="feature(cucumber.api.testng.CucumberFeatureWrapper)[pri:0, instance:POM.com.FMHerndonSMJ.Cucumber.TestRunner@4dfa3a9d]" name="feature" duration-ms="14" started-at="2018-12-21T17:46:18Z" description="Runs Cucumber Feature" data-provider="features" finished-at="2018-12-21T17:46:18Z">
          <params>
            <param index="0">
              <value>
                <![CDATA[Verify the title of our web application]]>
              </value>
            </param>
          </params>
          <reporter-output>
          </reporter-output>
        </test-method> <!-- feature -->
        <test-method status="PASS" signature="tearDownClass()[pri:0, instance:POM.com.FMHerndonSMJ.Cucumber.TestRunner@4dfa3a9d]" name="tearDownClass" is-config="true" duration-ms="23" started-at="2018-12-21T17:46:18Z" finished-at="2018-12-21T17:46:18Z">
          <reporter-output>
          </reporter-output>
        </test-method> <!-- tearDownClass -->
      </class> <!-- POM.com.FMHerndonSMJ.Cucumber.TestRunner -->
    </test> <!-- Test -->
  </suite> <!-- Suite -->
</testng-results>
